
=== Sat Dec 14 12:07:36 2019

Packages were changed.
Update Mode: mergeDefaultDependencies

The following packages were added:
  com.unity.package-manager-ui@2.2.0
  com.unity.ext.nunit@1.0.0
  com.unity.test-framework@1.0.13
  com.unity.ide.vscode@1.1.2
  com.unity.ide.rider@1.1.0
  com.unity.ugui@1.0.0
  com.unity.modules.androidjni@1.0.0

=== Mon Jan  6 10:06:10 2020

Packages were changed.
Update Mode: updateDependencies

The following packages were updated:
  com.unity.probuilder from version 4.0.3 to 4.0.4

=== Fri Mar 19 00:12:35 2021

Packages were changed.
Update Mode: updateDependencies

The following packages were updated:
  com.unity.ide.vscode from version 1.1.2 to 1.1.3
